Type : capsule Train [ Epoch 1/128 ], loss: 1.4650, avg_reader_cost: 1.1277 avg_batch_cost: 1.2139, avg_ips: 52.7228.
Type : capsule Train [ Epoch 2/128 ], loss: 1.4198, avg_reader_cost: 1.1203 avg_batch_cost: 1.1940, avg_ips: 53.6035.
Type : capsule Train [ Epoch 3/128 ], loss: 1.0651, avg_reader_cost: 1.1531 avg_batch_cost: 1.2260, avg_ips: 52.2017.
Type : capsule Train [ Epoch 4/128 ], loss: 0.8138, avg_reader_cost: 0.9969 avg_batch_cost: 1.0616, avg_ips: 60.2861.
Type : capsule Train [ Epoch 5/128 ], loss: 0.7136, avg_reader_cost: 0.8436 avg_batch_cost: 0.9090, avg_ips: 70.4060.
Type : capsule Train [ Epoch 6/128 ], loss: 0.6218, avg_reader_cost: 0.8509 avg_batch_cost: 0.9181, avg_ips: 69.7116.
Type : capsule Train [ Epoch 7/128 ], loss: 0.5674, avg_reader_cost: 0.8478 avg_batch_cost: 0.9134, avg_ips: 70.0645.
Type : capsule Train [ Epoch 8/128 ], loss: 0.6025, avg_reader_cost: 0.8598 avg_batch_cost: 0.9265, avg_ips: 69.0741.
Type : capsule Train [ Epoch 9/128 ], loss: 0.5276, avg_reader_cost: 0.8414 avg_batch_cost: 0.9083, avg_ips: 70.4650.
Type : capsule Train [ Epoch 10/128 ], loss: 0.5138, avg_reader_cost: 0.8515 avg_batch_cost: 0.9181, avg_ips: 69.7104.
loading images
loaded 219 images
using density estimation GaussianDensityPaddle
Type : capsule Val [ Epoch 10/128 ] max_auc: 0.8999 roc_auc : 0.899880.
Type : capsule Train [ Epoch 11/128 ], loss: 0.5248, avg_reader_cost: 12.6103 avg_batch_cost: 12.6823, avg_ips: 5.0464.
Type : capsule Train [ Epoch 12/128 ], loss: 0.5363, avg_reader_cost: 0.0002 avg_batch_cost: 0.0691, avg_ips: 926.0387.
Type : capsule Train [ Epoch 13/128 ], loss: 0.5318, avg_reader_cost: 0.0002 avg_batch_cost: 0.0674, avg_ips: 949.9147.
Type : capsule Train [ Epoch 14/128 ], loss: 0.4782, avg_reader_cost: 0.0004 avg_batch_cost: 0.0662, avg_ips: 967.1259.
Type : capsule Train [ Epoch 15/128 ], loss: 0.4788, avg_reader_cost: 0.0002 avg_batch_cost: 0.0654, avg_ips: 979.1911.
Type : capsule Train [ Epoch 16/128 ], loss: 0.5111, avg_reader_cost: 0.7898 avg_batch_cost: 0.8586, avg_ips: 74.5400.
Type : capsule Train [ Epoch 17/128 ], loss: 0.4252, avg_reader_cost: 0.8573 avg_batch_cost: 0.9249, avg_ips: 69.1932.
Type : capsule Train [ Epoch 18/128 ], loss: 0.4720, avg_reader_cost: 0.8476 avg_batch_cost: 0.9138, avg_ips: 70.0401.
Type : capsule Train [ Epoch 19/128 ], loss: 0.4480, avg_reader_cost: 0.8509 avg_batch_cost: 0.9163, avg_ips: 69.8438.
Type : capsule Train [ Epoch 20/128 ], loss: 0.4044, avg_reader_cost: 0.8498 avg_batch_cost: 0.9173, avg_ips: 69.7727.
loading images
loaded 219 images
using density estimation GaussianDensityPaddle
Type : capsule Val [ Epoch 20/128 ] max_auc: 0.8999 roc_auc : 0.866374.
Type : capsule Train [ Epoch 21/128 ], loss: 0.4272, avg_reader_cost: 11.9312 avg_batch_cost: 12.2918, avg_ips: 5.2067.
Type : capsule Train [ Epoch 22/128 ], loss: 0.4299, avg_reader_cost: 0.0006 avg_batch_cost: 0.1319, avg_ips: 485.2483.
Type : capsule Train [ Epoch 23/128 ], loss: 0.3453, avg_reader_cost: 0.0005 avg_batch_cost: 0.1289, avg_ips: 496.3793.
Type : capsule Train [ Epoch 24/128 ], loss: 0.3478, avg_reader_cost: 0.0011 avg_batch_cost: 0.1280, avg_ips: 500.1583.
Type : capsule Train [ Epoch 25/128 ], loss: 0.2582, avg_reader_cost: 0.0004 avg_batch_cost: 0.1726, avg_ips: 370.8963.
Type : capsule Train [ Epoch 26/128 ], loss: 0.2936, avg_reader_cost: 0.7303 avg_batch_cost: 0.9509, avg_ips: 67.3052.
Type : capsule Train [ Epoch 27/128 ], loss: 0.2235, avg_reader_cost: 0.8493 avg_batch_cost: 1.0630, avg_ips: 60.2046.
Type : capsule Train [ Epoch 28/128 ], loss: 0.2512, avg_reader_cost: 0.8388 avg_batch_cost: 1.0575, avg_ips: 60.5180.
Type : capsule Train [ Epoch 29/128 ], loss: 0.1838, avg_reader_cost: 0.8344 avg_batch_cost: 1.0478, avg_ips: 61.0823.
Type : capsule Train [ Epoch 30/128 ], loss: 0.2012, avg_reader_cost: 0.8286 avg_batch_cost: 1.0389, avg_ips: 61.6050.
loading images
loaded 219 images
using density estimation GaussianDensityPaddle
Type : capsule Val [ Epoch 30/128 ] max_auc: 0.8999 roc_auc : 0.830076.
Type : capsule Train [ Epoch 31/128 ], loss: 0.1653, avg_reader_cost: 12.3429 avg_batch_cost: 12.6020, avg_ips: 5.0786.
Type : capsule Train [ Epoch 32/128 ], loss: 0.2120, avg_reader_cost: 0.0002 avg_batch_cost: 0.2128, avg_ips: 300.7481.
Type : capsule Train [ Epoch 33/128 ], loss: 0.1987, avg_reader_cost: 0.0002 avg_batch_cost: 0.2098, avg_ips: 305.0850.
Type : capsule Train [ Epoch 34/128 ], loss: 0.1747, avg_reader_cost: 0.0003 avg_batch_cost: 0.2119, avg_ips: 301.9865.
Type : capsule Train [ Epoch 35/128 ], loss: 0.1460, avg_reader_cost: 0.0002 avg_batch_cost: 0.2115, avg_ips: 302.5996.
Type : capsule Train [ Epoch 36/128 ], loss: 0.1620, avg_reader_cost: 0.7236 avg_batch_cost: 0.9370, avg_ips: 68.3038.
Type : capsule Train [ Epoch 37/128 ], loss: 0.1541, avg_reader_cost: 0.8315 avg_batch_cost: 1.0451, avg_ips: 61.2395.
Type : capsule Train [ Epoch 38/128 ], loss: 0.1577, avg_reader_cost: 0.8319 avg_batch_cost: 1.0458, avg_ips: 61.1988.
Type : capsule Train [ Epoch 39/128 ], loss: 0.2033, avg_reader_cost: 0.8297 avg_batch_cost: 1.0433, avg_ips: 61.3444.
Type : capsule Train [ Epoch 40/128 ], loss: 0.1641, avg_reader_cost: 0.8334 avg_batch_cost: 1.0489, avg_ips: 61.0137.
loading images
loaded 219 images
using density estimation GaussianDensityPaddle
Type : capsule Val [ Epoch 40/128 ] max_auc: 0.8999 roc_auc : 0.783008.
Type : capsule Train [ Epoch 41/128 ], loss: 0.1083, avg_reader_cost: 11.9736 avg_batch_cost: 12.2429, avg_ips: 5.2275.
Type : capsule Train [ Epoch 42/128 ], loss: 0.1381, avg_reader_cost: 0.0002 avg_batch_cost: 0.1280, avg_ips: 500.0903.
Type : capsule Train [ Epoch 43/128 ], loss: 0.0723, avg_reader_cost: 0.0004 avg_batch_cost: 0.1182, avg_ips: 541.2507.
Type : capsule Train [ Epoch 44/128 ], loss: 0.1262, avg_reader_cost: 0.0002 avg_batch_cost: 0.2078, avg_ips: 307.9843.
Type : capsule Train [ Epoch 45/128 ], loss: 0.1479, avg_reader_cost: 0.0002 avg_batch_cost: 0.2120, avg_ips: 301.8981.
Type : capsule Train [ Epoch 46/128 ], loss: 0.1393, avg_reader_cost: 0.7254 avg_batch_cost: 0.7925, avg_ips: 80.7569.
Type : capsule Train [ Epoch 47/128 ], loss: 0.0865, avg_reader_cost: 0.8722 avg_batch_cost: 1.0841, avg_ips: 59.0366.
Type : capsule Train [ Epoch 48/128 ], loss: 0.1984, avg_reader_cost: 0.8458 avg_batch_cost: 1.0576, avg_ips: 60.5148.
Type : capsule Train [ Epoch 49/128 ], loss: 0.1907, avg_reader_cost: 0.8465 avg_batch_cost: 1.0596, avg_ips: 60.4023.
Type : capsule Train [ Epoch 50/128 ], loss: 0.1346, avg_reader_cost: 0.8446 avg_batch_cost: 1.0616, avg_ips: 60.2877.
loading images
loaded 219 images
using density estimation GaussianDensityPaddle
Type : capsule Val [ Epoch 50/128 ] max_auc: 0.8999 roc_auc : 0.850020.
Type : capsule Train [ Epoch 51/128 ], loss: 0.0473, avg_reader_cost: 11.9627 avg_batch_cost: 12.2370, avg_ips: 5.2300.
Type : capsule Train [ Epoch 52/128 ], loss: 0.0707, avg_reader_cost: 0.0002 avg_batch_cost: 0.2123, avg_ips: 301.4533.
Type : capsule Train [ Epoch 53/128 ], loss: 0.0917, avg_reader_cost: 0.0002 avg_batch_cost: 0.2131, avg_ips: 300.3551.
Type : capsule Train [ Epoch 54/128 ], loss: 0.0889, avg_reader_cost: 0.0002 avg_batch_cost: 0.2109, avg_ips: 303.4324.
Type : capsule Train [ Epoch 55/128 ], loss: 0.1104, avg_reader_cost: 0.0003 avg_batch_cost: 0.2082, avg_ips: 307.3760.
Type : capsule Train [ Epoch 56/128 ], loss: 0.1076, avg_reader_cost: 0.7426 avg_batch_cost: 0.9561, avg_ips: 66.9408.
Type : capsule Train [ Epoch 57/128 ], loss: 0.0832, avg_reader_cost: 0.8392 avg_batch_cost: 1.0518, avg_ips: 60.8483.
Type : capsule Train [ Epoch 58/128 ], loss: 0.0596, avg_reader_cost: 0.8434 avg_batch_cost: 1.0542, avg_ips: 60.7115.
Type : capsule Train [ Epoch 59/128 ], loss: 0.1003, avg_reader_cost: 0.8455 avg_batch_cost: 1.0629, avg_ips: 60.2138.
Type : capsule Train [ Epoch 60/128 ], loss: 0.0927, avg_reader_cost: 0.8477 avg_batch_cost: 1.0645, avg_ips: 60.1206.
loading images
loaded 219 images
using density estimation GaussianDensityPaddle
Type : capsule Val [ Epoch 60/128 ] max_auc: 0.8999 roc_auc : 0.798564.
Type : capsule Train [ Epoch 61/128 ], loss: 0.0713, avg_reader_cost: 12.0792 avg_batch_cost: 12.3903, avg_ips: 5.1653.
Type : capsule Train [ Epoch 62/128 ], loss: 0.1085, avg_reader_cost: 0.0003 avg_batch_cost: 0.2166, avg_ips: 295.4974.
Type : capsule Train [ Epoch 63/128 ], loss: 0.0826, avg_reader_cost: 0.0003 avg_batch_cost: 0.2155, avg_ips: 297.0188.
Type : capsule Train [ Epoch 64/128 ], loss: 0.1197, avg_reader_cost: 0.0002 avg_batch_cost: 0.1308, avg_ips: 489.2369.
Type : capsule Train [ Epoch 65/128 ], loss: 0.1419, avg_reader_cost: 0.0003 avg_batch_cost: 0.1470, avg_ips: 435.2391.
Type : capsule Train [ Epoch 66/128 ], loss: 0.0444, avg_reader_cost: 0.7275 avg_batch_cost: 0.9420, avg_ips: 67.9435.
Type : capsule Train [ Epoch 67/128 ], loss: 0.0581, avg_reader_cost: 0.8550 avg_batch_cost: 1.0684, avg_ips: 59.9036.
Type : capsule Train [ Epoch 68/128 ], loss: 0.0716, avg_reader_cost: 0.8563 avg_batch_cost: 1.0713, avg_ips: 59.7404.
Type : capsule Train [ Epoch 69/128 ], loss: 0.1002, avg_reader_cost: 0.8525 avg_batch_cost: 1.0720, avg_ips: 59.7031.
Type : capsule Train [ Epoch 70/128 ], loss: 0.0338, avg_reader_cost: 0.8788 avg_batch_cost: 1.0930, avg_ips: 58.5558.
loading images
loaded 219 images
using density estimation GaussianDensityPaddle
Type : capsule Val [ Epoch 70/128 ] max_auc: 0.8999 roc_auc : 0.772637.
Type : capsule Train [ Epoch 71/128 ], loss: 0.0764, avg_reader_cost: 12.0072 avg_batch_cost: 12.2793, avg_ips: 5.2120.
Type : capsule Train [ Epoch 72/128 ], loss: 0.2010, avg_reader_cost: 0.0006 avg_batch_cost: 0.2195, avg_ips: 291.6192.
Type : capsule Train [ Epoch 73/128 ], loss: 0.1377, avg_reader_cost: 0.0003 avg_batch_cost: 0.2134, avg_ips: 299.8877.
Type : capsule Train [ Epoch 74/128 ], loss: 0.0311, avg_reader_cost: 0.0002 avg_batch_cost: 0.2156, avg_ips: 296.8995.
Type : capsule Train [ Epoch 75/128 ], loss: 0.0806, avg_reader_cost: 0.0010 avg_batch_cost: 0.2144, avg_ips: 298.5768.
Type : capsule Train [ Epoch 76/128 ], loss: 0.0355, avg_reader_cost: 0.7523 avg_batch_cost: 0.9686, avg_ips: 66.0777.
Type : capsule Train [ Epoch 77/128 ], loss: 0.0277, avg_reader_cost: 0.8572 avg_batch_cost: 1.0709, avg_ips: 59.7625.
Type : capsule Train [ Epoch 78/128 ], loss: 0.0715, avg_reader_cost: 0.8489 avg_batch_cost: 1.0646, avg_ips: 60.1174.
Type : capsule Train [ Epoch 79/128 ], loss: 0.0937, avg_reader_cost: 0.8424 avg_batch_cost: 1.0574, avg_ips: 60.5251.
Type : capsule Train [ Epoch 80/128 ], loss: 0.1494, avg_reader_cost: 0.8386 avg_batch_cost: 1.0548, avg_ips: 60.6778.
loading images
loaded 219 images
using density estimation GaussianDensityPaddle
Type : capsule Val [ Epoch 80/128 ] max_auc: 0.8999 roc_auc : 0.845233.
Type : capsule Train [ Epoch 81/128 ], loss: 0.1029, avg_reader_cost: 12.3462 avg_batch_cost: 12.5605, avg_ips: 5.0953.
Type : capsule Train [ Epoch 82/128 ], loss: 0.0586, avg_reader_cost: 0.0002 avg_batch_cost: 0.1520, avg_ips: 421.1129.
Type : capsule Train [ Epoch 83/128 ], loss: 0.0608, avg_reader_cost: 0.0003 avg_batch_cost: 0.1348, avg_ips: 474.8053.
Type : capsule Train [ Epoch 84/128 ], loss: 0.0765, avg_reader_cost: 0.0003 avg_batch_cost: 0.1200, avg_ips: 533.2523.
Type : capsule Train [ Epoch 85/128 ], loss: 0.0922, avg_reader_cost: 0.0003 avg_batch_cost: 0.1439, avg_ips: 444.6372.
Type : capsule Train [ Epoch 86/128 ], loss: 0.0581, avg_reader_cost: 0.7495 avg_batch_cost: 0.9618, avg_ips: 66.5427.
Type : capsule Train [ Epoch 87/128 ], loss: 0.0758, avg_reader_cost: 0.8402 avg_batch_cost: 1.0547, avg_ips: 60.6798.
Type : capsule Train [ Epoch 88/128 ], loss: 0.1093, avg_reader_cost: 0.8389 avg_batch_cost: 1.0520, avg_ips: 60.8361.
Type : capsule Train [ Epoch 89/128 ], loss: 0.0646, avg_reader_cost: 0.8418 avg_batch_cost: 1.0556, avg_ips: 60.6285.
Type : capsule Train [ Epoch 90/128 ], loss: 0.0812, avg_reader_cost: 0.8542 avg_batch_cost: 1.0706, avg_ips: 59.7784.
loading images
loaded 219 images
using density estimation GaussianDensityPaddle
Type : capsule Val [ Epoch 90/128 ] max_auc: 0.8999 roc_auc : 0.846829.
Type : capsule Train [ Epoch 91/128 ], loss: 0.0535, avg_reader_cost: 11.2610 avg_batch_cost: 11.3616, avg_ips: 5.6330.
Type : capsule Train [ Epoch 92/128 ], loss: 0.0458, avg_reader_cost: 0.0002 avg_batch_cost: 0.0677, avg_ips: 945.1686.
Type : capsule Train [ Epoch 93/128 ], loss: 0.0527, avg_reader_cost: 0.8698 avg_batch_cost: 1.0828, avg_ips: 59.1081.
Type : capsule Train [ Epoch 94/128 ], loss: 0.0124, avg_reader_cost: 0.8458 avg_batch_cost: 1.0594, avg_ips: 60.4090.
Type : capsule Train [ Epoch 95/128 ], loss: 0.1172, avg_reader_cost: 0.8462 avg_batch_cost: 1.0600, avg_ips: 60.3748.
Type : capsule Train [ Epoch 96/128 ], loss: 0.0647, avg_reader_cost: 0.8535 avg_batch_cost: 1.0711, avg_ips: 59.7501.
Type : capsule Train [ Epoch 97/128 ], loss: 0.0821, avg_reader_cost: 0.8661 avg_batch_cost: 1.0820, avg_ips: 59.1478.
Type : capsule Train [ Epoch 98/128 ], loss: 0.0205, avg_reader_cost: 0.8715 avg_batch_cost: 1.0883, avg_ips: 58.8095.
Type : capsule Train [ Epoch 99/128 ], loss: 0.0356, avg_reader_cost: 0.8821 avg_batch_cost: 1.1028, avg_ips: 58.0366.
Type : capsule Train [ Epoch 100/128 ], loss: 0.0987, avg_reader_cost: 0.8329 avg_batch_cost: 1.0486, avg_ips: 61.0312.
loading images
loaded 219 images
using density estimation GaussianDensityPaddle
Type : capsule Val [ Epoch 100/128 ] max_auc: 0.8999 roc_auc : 0.781013.
Type : capsule Train [ Epoch 101/128 ], loss: 0.0679, avg_reader_cost: 12.0458 avg_batch_cost: 12.3195, avg_ips: 5.1950.
Type : capsule Train [ Epoch 102/128 ], loss: 0.0971, avg_reader_cost: 0.0003 avg_batch_cost: 0.2132, avg_ips: 300.1264.
Type : capsule Train [ Epoch 103/128 ], loss: 0.0576, avg_reader_cost: 0.0003 avg_batch_cost: 0.2071, avg_ips: 309.0129.
Type : capsule Train [ Epoch 104/128 ], loss: 0.0914, avg_reader_cost: 0.0008 avg_batch_cost: 0.1307, avg_ips: 489.6751.
Type : capsule Train [ Epoch 105/128 ], loss: 0.0714, avg_reader_cost: 0.0002 avg_batch_cost: 0.1747, avg_ips: 366.2773.
Type : capsule Train [ Epoch 106/128 ], loss: 0.0602, avg_reader_cost: 0.7429 avg_batch_cost: 0.9585, avg_ips: 66.7679.
Type : capsule Train [ Epoch 107/128 ], loss: 0.0191, avg_reader_cost: 0.8379 avg_batch_cost: 1.0521, avg_ips: 60.8311.
Type : capsule Train [ Epoch 108/128 ], loss: 0.1123, avg_reader_cost: 0.8411 avg_batch_cost: 1.0576, avg_ips: 60.5119.
Type : capsule Train [ Epoch 109/128 ], loss: 0.0890, avg_reader_cost: 0.8467 avg_batch_cost: 1.0619, avg_ips: 60.2700.
Type : capsule Train [ Epoch 110/128 ], loss: 0.0422, avg_reader_cost: 0.8540 avg_batch_cost: 1.0685, avg_ips: 59.8943.
loading images
loaded 219 images
using density estimation GaussianDensityPaddle
Type : capsule Val [ Epoch 110/128 ] max_auc: 0.8999 roc_auc : 0.842042.
Type : capsule Train [ Epoch 111/128 ], loss: 0.1061, avg_reader_cost: 12.0079 avg_batch_cost: 12.3490, avg_ips: 5.1826.
Type : capsule Train [ Epoch 112/128 ], loss: 0.0687, avg_reader_cost: 0.0003 avg_batch_cost: 0.2112, avg_ips: 303.0751.
Type : capsule Train [ Epoch 113/128 ], loss: 0.0144, avg_reader_cost: 0.0002 avg_batch_cost: 0.2110, avg_ips: 303.2652.
Type : capsule Train [ Epoch 114/128 ], loss: 0.0635, avg_reader_cost: 0.0002 avg_batch_cost: 0.2123, avg_ips: 301.5065.
Type : capsule Train [ Epoch 115/128 ], loss: 0.0204, avg_reader_cost: 0.0005 avg_batch_cost: 0.2152, avg_ips: 297.3975.
Type : capsule Train [ Epoch 116/128 ], loss: 0.0404, avg_reader_cost: 0.7275 avg_batch_cost: 0.9401, avg_ips: 68.0807.
Type : capsule Train [ Epoch 117/128 ], loss: 0.0731, avg_reader_cost: 0.8422 avg_batch_cost: 1.0583, avg_ips: 60.4740.
Type : capsule Train [ Epoch 118/128 ], loss: 0.0549, avg_reader_cost: 0.8498 avg_batch_cost: 1.0657, avg_ips: 60.0524.
Type : capsule Train [ Epoch 119/128 ], loss: 0.0339, avg_reader_cost: 0.8457 avg_batch_cost: 1.0633, avg_ips: 60.1924.
Type : capsule Train [ Epoch 120/128 ], loss: 0.0877, avg_reader_cost: 0.8469 avg_batch_cost: 1.0688, avg_ips: 59.8808.
loading images
loaded 219 images
using density estimation GaussianDensityPaddle
Type : capsule Val [ Epoch 120/128 ] max_auc: 0.8999 roc_auc : 0.806542.
Type : capsule Train [ Epoch 121/128 ], loss: 0.1648, avg_reader_cost: 12.0986 avg_batch_cost: 12.2586, avg_ips: 5.2208.
Type : capsule Train [ Epoch 122/128 ], loss: 0.0819, avg_reader_cost: 0.0002 avg_batch_cost: 0.1336, avg_ips: 478.9915.
Type : capsule Train [ Epoch 123/128 ], loss: 0.0932, avg_reader_cost: 0.0003 avg_batch_cost: 0.1437, avg_ips: 445.4917.
Type : capsule Train [ Epoch 124/128 ], loss: 0.0947, avg_reader_cost: 0.0002 avg_batch_cost: 0.1305, avg_ips: 490.5744.
Type : capsule Train [ Epoch 125/128 ], loss: 0.0559, avg_reader_cost: 0.0003 avg_batch_cost: 0.1422, avg_ips: 450.1775.
Type : capsule Train [ Epoch 126/128 ], loss: 0.0514, avg_reader_cost: 0.7429 avg_batch_cost: 0.9576, avg_ips: 66.8339.
Type : capsule Train [ Epoch 127/128 ], loss: 0.1034, avg_reader_cost: 0.8383 avg_batch_cost: 1.0536, avg_ips: 60.7425.
Type : capsule Train [ Epoch 128/128 ], loss: 0.1003, avg_reader_cost: 0.8387 avg_batch_cost: 1.0551, avg_ips: 60.6555.
