Type : hazelnut Train [ Epoch 1/128 ], loss: 1.2705, avg_reader_cost: 1.1989 avg_batch_cost: 1.2668, avg_ips: 50.5218.
Type : hazelnut Train [ Epoch 2/128 ], loss: 1.2576, avg_reader_cost: 0.8277 avg_batch_cost: 0.8930, avg_ips: 71.6654.
Type : hazelnut Train [ Epoch 3/128 ], loss: 1.1102, avg_reader_cost: 0.8251 avg_batch_cost: 0.8927, avg_ips: 71.6903.
Type : hazelnut Train [ Epoch 4/128 ], loss: 1.0444, avg_reader_cost: 0.8232 avg_batch_cost: 0.8909, avg_ips: 71.8379.
Type : hazelnut Train [ Epoch 5/128 ], loss: 0.9007, avg_reader_cost: 0.8282 avg_batch_cost: 0.8948, avg_ips: 71.5224.
Type : hazelnut Train [ Epoch 6/128 ], loss: 0.8426, avg_reader_cost: 0.8349 avg_batch_cost: 0.9032, avg_ips: 70.8554.
Type : hazelnut Train [ Epoch 7/128 ], loss: 0.7700, avg_reader_cost: 0.8375 avg_batch_cost: 0.9032, avg_ips: 70.8581.
Type : hazelnut Train [ Epoch 8/128 ], loss: 0.7608, avg_reader_cost: 0.8359 avg_batch_cost: 0.9041, avg_ips: 70.7895.
Type : hazelnut Train [ Epoch 9/128 ], loss: 0.8086, avg_reader_cost: 0.8407 avg_batch_cost: 0.9062, avg_ips: 70.6245.
Type : hazelnut Train [ Epoch 10/128 ], loss: 0.7817, avg_reader_cost: 0.8427 avg_batch_cost: 0.9093, avg_ips: 70.3844.
loading images
loaded 391 images
using density estimation GaussianDensityPaddle
Type : hazelnut Val [ Epoch 10/128 ] max_auc: 0.9796 roc_auc : 0.979643.
Type : hazelnut Train [ Epoch 11/128 ], loss: 0.7142, avg_reader_cost: 13.9001 avg_batch_cost: 13.9652, avg_ips: 4.5828.
Type : hazelnut Train [ Epoch 12/128 ], loss: 0.7525, avg_reader_cost: 0.0003 avg_batch_cost: 0.0648, avg_ips: 987.7266.
Type : hazelnut Train [ Epoch 13/128 ], loss: 0.7383, avg_reader_cost: 0.0004 avg_batch_cost: 0.0636, avg_ips: 1006.6317.
Type : hazelnut Train [ Epoch 14/128 ], loss: 0.7541, avg_reader_cost: 0.0002 avg_batch_cost: 0.0647, avg_ips: 989.7953.
Type : hazelnut Train [ Epoch 15/128 ], loss: 0.6768, avg_reader_cost: 0.0002 avg_batch_cost: 0.0647, avg_ips: 988.8546.
Type : hazelnut Train [ Epoch 16/128 ], loss: 0.6986, avg_reader_cost: 0.7676 avg_batch_cost: 0.8338, avg_ips: 76.7612.
Type : hazelnut Train [ Epoch 17/128 ], loss: 0.7056, avg_reader_cost: 0.8246 avg_batch_cost: 0.8909, avg_ips: 71.8383.
Type : hazelnut Train [ Epoch 18/128 ], loss: 0.6649, avg_reader_cost: 0.8293 avg_batch_cost: 0.8963, avg_ips: 71.4009.
Type : hazelnut Train [ Epoch 19/128 ], loss: 0.6459, avg_reader_cost: 0.8359 avg_batch_cost: 0.9031, avg_ips: 70.8707.
Type : hazelnut Train [ Epoch 20/128 ], loss: 0.7057, avg_reader_cost: 0.8283 avg_batch_cost: 0.8958, avg_ips: 71.4425.
loading images
loaded 391 images
using density estimation GaussianDensityPaddle
Type : hazelnut Val [ Epoch 20/128 ] max_auc: 0.9796 roc_auc : 0.973929.
Type : hazelnut Train [ Epoch 21/128 ], loss: 0.6061, avg_reader_cost: 13.8904 avg_batch_cost: 14.2031, avg_ips: 4.5060.
Type : hazelnut Train [ Epoch 22/128 ], loss: 0.5977, avg_reader_cost: 0.0007 avg_batch_cost: 0.2233, avg_ips: 286.6240.
Type : hazelnut Train [ Epoch 23/128 ], loss: 0.5421, avg_reader_cost: 0.0003 avg_batch_cost: 0.2129, avg_ips: 300.5996.
Type : hazelnut Train [ Epoch 24/128 ], loss: 0.5627, avg_reader_cost: 0.0002 avg_batch_cost: 0.2116, avg_ips: 302.4294.
Type : hazelnut Train [ Epoch 25/128 ], loss: 0.4738, avg_reader_cost: 0.0002 avg_batch_cost: 0.2155, avg_ips: 297.0191.
Type : hazelnut Train [ Epoch 26/128 ], loss: 0.4505, avg_reader_cost: 0.6889 avg_batch_cost: 0.9148, avg_ips: 69.9636.
Type : hazelnut Train [ Epoch 27/128 ], loss: 0.4374, avg_reader_cost: 0.8103 avg_batch_cost: 1.0244, avg_ips: 62.4732.
Type : hazelnut Train [ Epoch 28/128 ], loss: 0.4015, avg_reader_cost: 0.8165 avg_batch_cost: 1.0282, avg_ips: 62.2452.
Type : hazelnut Train [ Epoch 29/128 ], loss: 0.3538, avg_reader_cost: 0.8146 avg_batch_cost: 1.0289, avg_ips: 62.2030.
Type : hazelnut Train [ Epoch 30/128 ], loss: 0.4337, avg_reader_cost: 0.8136 avg_batch_cost: 1.0290, avg_ips: 62.1938.
loading images
loaded 391 images
using density estimation GaussianDensityPaddle
Type : hazelnut Val [ Epoch 30/128 ] max_auc: 0.9850 roc_auc : 0.985000.
Type : hazelnut Train [ Epoch 31/128 ], loss: 0.4092, avg_reader_cost: 13.6908 avg_batch_cost: 13.9067, avg_ips: 4.6021.
Type : hazelnut Train [ Epoch 32/128 ], loss: 0.3559, avg_reader_cost: 0.0002 avg_batch_cost: 0.2087, avg_ips: 306.6320.
Type : hazelnut Train [ Epoch 33/128 ], loss: 0.3806, avg_reader_cost: 0.0002 avg_batch_cost: 0.2120, avg_ips: 301.8214.
Type : hazelnut Train [ Epoch 34/128 ], loss: 0.4428, avg_reader_cost: 0.0010 avg_batch_cost: 0.2133, avg_ips: 300.0342.
Type : hazelnut Train [ Epoch 35/128 ], loss: 0.4056, avg_reader_cost: 0.0002 avg_batch_cost: 0.2138, avg_ips: 299.3159.
Type : hazelnut Train [ Epoch 36/128 ], loss: 0.3685, avg_reader_cost: 0.7106 avg_batch_cost: 0.9278, avg_ips: 68.9791.
Type : hazelnut Train [ Epoch 37/128 ], loss: 0.3678, avg_reader_cost: 0.8101 avg_batch_cost: 1.0256, avg_ips: 62.4001.
Type : hazelnut Train [ Epoch 38/128 ], loss: 0.2765, avg_reader_cost: 0.8142 avg_batch_cost: 1.0275, avg_ips: 62.2851.
Type : hazelnut Train [ Epoch 39/128 ], loss: 0.3590, avg_reader_cost: 0.8099 avg_batch_cost: 1.0250, avg_ips: 62.4403.
Type : hazelnut Train [ Epoch 40/128 ], loss: 0.2806, avg_reader_cost: 0.8166 avg_batch_cost: 1.0330, avg_ips: 61.9546.
loading images
loaded 391 images
using density estimation GaussianDensityPaddle
Type : hazelnut Val [ Epoch 40/128 ] max_auc: 0.9882 roc_auc : 0.988214.
Type : hazelnut Train [ Epoch 41/128 ], loss: 0.2289, avg_reader_cost: 13.9064 avg_batch_cost: 14.1362, avg_ips: 4.5274.
Type : hazelnut Train [ Epoch 42/128 ], loss: 0.2579, avg_reader_cost: 0.0002 avg_batch_cost: 0.2130, avg_ips: 300.4926.
Type : hazelnut Train [ Epoch 43/128 ], loss: 0.3384, avg_reader_cost: 0.0002 avg_batch_cost: 0.2111, avg_ips: 303.1853.
Type : hazelnut Train [ Epoch 44/128 ], loss: 0.2058, avg_reader_cost: 0.0003 avg_batch_cost: 0.2120, avg_ips: 301.8757.
Type : hazelnut Train [ Epoch 45/128 ], loss: 0.2371, avg_reader_cost: 0.0002 avg_batch_cost: 0.2123, avg_ips: 301.4219.
Type : hazelnut Train [ Epoch 46/128 ], loss: 0.2772, avg_reader_cost: 0.7124 avg_batch_cost: 0.7790, avg_ips: 82.1584.
Type : hazelnut Train [ Epoch 47/128 ], loss: 0.2028, avg_reader_cost: 0.8793 avg_batch_cost: 1.0953, avg_ips: 58.4302.
Type : hazelnut Train [ Epoch 48/128 ], loss: 0.2105, avg_reader_cost: 0.8270 avg_batch_cost: 1.0455, avg_ips: 61.2130.
Type : hazelnut Train [ Epoch 49/128 ], loss: 0.2430, avg_reader_cost: 0.8366 avg_batch_cost: 1.0525, avg_ips: 60.8096.
Type : hazelnut Train [ Epoch 50/128 ], loss: 0.2253, avg_reader_cost: 0.8254 avg_batch_cost: 1.0393, avg_ips: 61.5770.
loading images
loaded 391 images
using density estimation GaussianDensityPaddle
Type : hazelnut Val [ Epoch 50/128 ] max_auc: 0.9882 roc_auc : 0.981786.
Type : hazelnut Train [ Epoch 51/128 ], loss: 0.2679, avg_reader_cost: 13.2696 avg_batch_cost: 13.5604, avg_ips: 4.7196.
Type : hazelnut Train [ Epoch 52/128 ], loss: 0.1962, avg_reader_cost: 0.0003 avg_batch_cost: 0.2186, avg_ips: 292.7227.
Type : hazelnut Train [ Epoch 53/128 ], loss: 0.1693, avg_reader_cost: 0.0003 avg_batch_cost: 0.2179, avg_ips: 293.7657.
Type : hazelnut Train [ Epoch 54/128 ], loss: 0.2150, avg_reader_cost: 0.0002 avg_batch_cost: 0.1764, avg_ips: 362.9144.
Type : hazelnut Train [ Epoch 55/128 ], loss: 0.2236, avg_reader_cost: 0.0011 avg_batch_cost: 0.1141, avg_ips: 561.0007.
Type : hazelnut Train [ Epoch 56/128 ], loss: 0.1853, avg_reader_cost: 0.7212 avg_batch_cost: 0.9339, avg_ips: 68.5305.
Type : hazelnut Train [ Epoch 57/128 ], loss: 0.2839, avg_reader_cost: 0.8201 avg_batch_cost: 1.0372, avg_ips: 61.7018.
Type : hazelnut Train [ Epoch 58/128 ], loss: 0.1500, avg_reader_cost: 0.8366 avg_batch_cost: 1.0507, avg_ips: 60.9131.
Type : hazelnut Train [ Epoch 59/128 ], loss: 0.1618, avg_reader_cost: 0.8337 avg_batch_cost: 1.0490, avg_ips: 61.0094.
Type : hazelnut Train [ Epoch 60/128 ], loss: 0.2370, avg_reader_cost: 0.8282 avg_batch_cost: 1.0404, avg_ips: 61.5132.
loading images
loaded 391 images
using density estimation GaussianDensityPaddle
Type : hazelnut Val [ Epoch 60/128 ] max_auc: 0.9882 roc_auc : 0.971071.
Type : hazelnut Train [ Epoch 61/128 ], loss: 0.2360, avg_reader_cost: 13.2425 avg_batch_cost: 13.3891, avg_ips: 4.7800.
Type : hazelnut Train [ Epoch 62/128 ], loss: 0.1887, avg_reader_cost: 0.0011 avg_batch_cost: 0.1238, avg_ips: 516.7547.
Type : hazelnut Train [ Epoch 63/128 ], loss: 0.2035, avg_reader_cost: 0.0011 avg_batch_cost: 0.1537, avg_ips: 416.3242.
Type : hazelnut Train [ Epoch 64/128 ], loss: 0.2153, avg_reader_cost: 0.0002 avg_batch_cost: 0.1224, avg_ips: 522.6751.
Type : hazelnut Train [ Epoch 65/128 ], loss: 0.2390, avg_reader_cost: 0.0003 avg_batch_cost: 0.1444, avg_ips: 443.2986.
Type : hazelnut Train [ Epoch 66/128 ], loss: 0.1936, avg_reader_cost: 0.7206 avg_batch_cost: 0.9333, avg_ips: 68.5750.
Type : hazelnut Train [ Epoch 67/128 ], loss: 0.2378, avg_reader_cost: 0.8258 avg_batch_cost: 1.0413, avg_ips: 61.4618.
Type : hazelnut Train [ Epoch 68/128 ], loss: 0.2467, avg_reader_cost: 0.8203 avg_batch_cost: 1.0344, avg_ips: 61.8741.
Type : hazelnut Train [ Epoch 69/128 ], loss: 0.1843, avg_reader_cost: 0.8189 avg_batch_cost: 1.0332, avg_ips: 61.9425.
Type : hazelnut Train [ Epoch 70/128 ], loss: 0.1559, avg_reader_cost: 0.8172 avg_batch_cost: 1.0322, avg_ips: 62.0057.
loading images
loaded 391 images
using density estimation GaussianDensityPaddle
Type : hazelnut Val [ Epoch 70/128 ] max_auc: 0.9882 roc_auc : 0.981429.
Type : hazelnut Train [ Epoch 71/128 ], loss: 0.1928, avg_reader_cost: 13.2719 avg_batch_cost: 13.6615, avg_ips: 4.6847.
Type : hazelnut Train [ Epoch 72/128 ], loss: 0.1600, avg_reader_cost: 0.0006 avg_batch_cost: 0.0768, avg_ips: 833.1330.
Type : hazelnut Train [ Epoch 73/128 ], loss: 0.1841, avg_reader_cost: 0.0004 avg_batch_cost: 0.1311, avg_ips: 488.2367.
Type : hazelnut Train [ Epoch 74/128 ], loss: 0.2239, avg_reader_cost: 0.0004 avg_batch_cost: 0.1427, avg_ips: 448.3751.
Type : hazelnut Train [ Epoch 75/128 ], loss: 0.2286, avg_reader_cost: 0.0003 avg_batch_cost: 0.1522, avg_ips: 420.5007.
Type : hazelnut Train [ Epoch 76/128 ], loss: 0.1469, avg_reader_cost: 0.7093 avg_batch_cost: 0.9211, avg_ips: 69.4830.
Type : hazelnut Train [ Epoch 77/128 ], loss: 0.2114, avg_reader_cost: 0.8180 avg_batch_cost: 1.0343, avg_ips: 61.8788.
Type : hazelnut Train [ Epoch 78/128 ], loss: 0.1845, avg_reader_cost: 0.8148 avg_batch_cost: 1.0270, avg_ips: 62.3149.
Type : hazelnut Train [ Epoch 79/128 ], loss: 0.2086, avg_reader_cost: 0.8240 avg_batch_cost: 1.0383, avg_ips: 61.6387.
Type : hazelnut Train [ Epoch 80/128 ], loss: 0.2194, avg_reader_cost: 0.8160 avg_batch_cost: 1.0296, avg_ips: 62.1602.
loading images
loaded 391 images
using density estimation GaussianDensityPaddle
Type : hazelnut Val [ Epoch 80/128 ] max_auc: 0.9882 roc_auc : 0.980714.
Type : hazelnut Train [ Epoch 81/128 ], loss: 0.1372, avg_reader_cost: 13.8127 avg_batch_cost: 14.0020, avg_ips: 4.5708.
Type : hazelnut Train [ Epoch 82/128 ], loss: 0.1931, avg_reader_cost: 0.0006 avg_batch_cost: 0.1256, avg_ips: 509.4947.
Type : hazelnut Train [ Epoch 83/128 ], loss: 0.1666, avg_reader_cost: 0.0011 avg_batch_cost: 0.1136, avg_ips: 563.2703.
Type : hazelnut Train [ Epoch 84/128 ], loss: 0.1393, avg_reader_cost: 0.0003 avg_batch_cost: 0.1232, avg_ips: 519.3833.
Type : hazelnut Train [ Epoch 85/128 ], loss: 0.2132, avg_reader_cost: 0.0003 avg_batch_cost: 0.1196, avg_ips: 535.1979.
Type : hazelnut Train [ Epoch 86/128 ], loss: 0.1994, avg_reader_cost: 0.7078 avg_batch_cost: 0.9221, avg_ips: 69.4043.
Type : hazelnut Train [ Epoch 87/128 ], loss: 0.1915, avg_reader_cost: 0.8073 avg_batch_cost: 1.0205, avg_ips: 62.7127.
Type : hazelnut Train [ Epoch 88/128 ], loss: 0.2110, avg_reader_cost: 0.8119 avg_batch_cost: 1.0246, avg_ips: 62.4619.
Type : hazelnut Train [ Epoch 89/128 ], loss: 0.1767, avg_reader_cost: 0.8166 avg_batch_cost: 1.0300, avg_ips: 62.1369.
Type : hazelnut Train [ Epoch 90/128 ], loss: 0.0823, avg_reader_cost: 0.8172 avg_batch_cost: 1.0333, avg_ips: 61.9363.
loading images
loaded 391 images
using density estimation GaussianDensityPaddle
Type : hazelnut Val [ Epoch 90/128 ] max_auc: 0.9882 roc_auc : 0.985714.
Type : hazelnut Train [ Epoch 91/128 ], loss: 0.1490, avg_reader_cost: 12.4772 avg_batch_cost: 12.6563, avg_ips: 5.0568.
Type : hazelnut Train [ Epoch 92/128 ], loss: 0.1428, avg_reader_cost: 0.0002 avg_batch_cost: 0.0678, avg_ips: 943.3517.
Type : hazelnut Train [ Epoch 93/128 ], loss: 0.1315, avg_reader_cost: 0.8561 avg_batch_cost: 1.0698, avg_ips: 59.8270.
Type : hazelnut Train [ Epoch 94/128 ], loss: 0.1393, avg_reader_cost: 0.8252 avg_batch_cost: 1.0386, avg_ips: 61.6240.
Type : hazelnut Train [ Epoch 95/128 ], loss: 0.1310, avg_reader_cost: 0.8210 avg_batch_cost: 1.0358, avg_ips: 61.7864.
Type : hazelnut Train [ Epoch 96/128 ], loss: 0.1379, avg_reader_cost: 0.8286 avg_batch_cost: 1.0406, avg_ips: 61.5047.
Type : hazelnut Train [ Epoch 97/128 ], loss: 0.1133, avg_reader_cost: 0.8251 avg_batch_cost: 1.0428, avg_ips: 61.3713.
Type : hazelnut Train [ Epoch 98/128 ], loss: 0.1511, avg_reader_cost: 0.8337 avg_batch_cost: 1.0508, avg_ips: 60.9084.
Type : hazelnut Train [ Epoch 99/128 ], loss: 0.1844, avg_reader_cost: 0.8333 avg_batch_cost: 1.0468, avg_ips: 61.1365.
Type : hazelnut Train [ Epoch 100/128 ], loss: 0.1854, avg_reader_cost: 0.8149 avg_batch_cost: 1.0304, avg_ips: 62.1148.
loading images
loaded 391 images
using density estimation GaussianDensityPaddle
Type : hazelnut Val [ Epoch 100/128 ] max_auc: 0.9882 roc_auc : 0.956429.
Type : hazelnut Train [ Epoch 101/128 ], loss: 0.1427, avg_reader_cost: 13.1943 avg_batch_cost: 13.4584, avg_ips: 4.7554.
Type : hazelnut Train [ Epoch 102/128 ], loss: 0.0983, avg_reader_cost: 0.0002 avg_batch_cost: 0.2098, avg_ips: 305.0767.
Type : hazelnut Train [ Epoch 103/128 ], loss: 0.0833, avg_reader_cost: 0.0002 avg_batch_cost: 0.2113, avg_ips: 302.9304.
Type : hazelnut Train [ Epoch 104/128 ], loss: 0.1306, avg_reader_cost: 0.0002 avg_batch_cost: 0.2112, avg_ips: 302.9722.
Type : hazelnut Train [ Epoch 105/128 ], loss: 0.1936, avg_reader_cost: 0.0002 avg_batch_cost: 0.2121, avg_ips: 301.7851.
Type : hazelnut Train [ Epoch 106/128 ], loss: 0.1304, avg_reader_cost: 0.7174 avg_batch_cost: 0.9340, avg_ips: 68.5230.
Type : hazelnut Train [ Epoch 107/128 ], loss: 0.0822, avg_reader_cost: 0.8255 avg_batch_cost: 1.0396, avg_ips: 61.5603.
Type : hazelnut Train [ Epoch 108/128 ], loss: 0.2037, avg_reader_cost: 0.8221 avg_batch_cost: 1.0393, avg_ips: 61.5779.
Type : hazelnut Train [ Epoch 109/128 ], loss: 0.0999, avg_reader_cost: 0.8211 avg_batch_cost: 1.0364, avg_ips: 61.7533.
Type : hazelnut Train [ Epoch 110/128 ], loss: 0.1181, avg_reader_cost: 0.8482 avg_batch_cost: 1.0633, avg_ips: 60.1881.
loading images
loaded 391 images
using density estimation GaussianDensityPaddle
Type : hazelnut Val [ Epoch 110/128 ] max_auc: 0.9882 roc_auc : 0.959286.
Type : hazelnut Train [ Epoch 111/128 ], loss: 0.1577, avg_reader_cost: 13.3761 avg_batch_cost: 13.6284, avg_ips: 4.6961.
Type : hazelnut Train [ Epoch 112/128 ], loss: 0.1508, avg_reader_cost: 0.0003 avg_batch_cost: 0.2139, avg_ips: 299.2541.
Type : hazelnut Train [ Epoch 113/128 ], loss: 0.1472, avg_reader_cost: 0.0011 avg_batch_cost: 0.2175, avg_ips: 294.2236.
Type : hazelnut Train [ Epoch 114/128 ], loss: 0.1511, avg_reader_cost: 0.0002 avg_batch_cost: 0.2112, avg_ips: 303.0888.
Type : hazelnut Train [ Epoch 115/128 ], loss: 0.1218, avg_reader_cost: 0.0002 avg_batch_cost: 0.2098, avg_ips: 305.1121.
Type : hazelnut Train [ Epoch 116/128 ], loss: 0.0937, avg_reader_cost: 0.7177 avg_batch_cost: 0.9314, avg_ips: 68.7160.
Type : hazelnut Train [ Epoch 117/128 ], loss: 0.1114, avg_reader_cost: 0.8235 avg_batch_cost: 1.0353, avg_ips: 61.8174.
Type : hazelnut Train [ Epoch 118/128 ], loss: 0.0830, avg_reader_cost: 0.8216 avg_batch_cost: 1.0376, avg_ips: 61.6808.
Type : hazelnut Train [ Epoch 119/128 ], loss: 0.0649, avg_reader_cost: 0.8218 avg_batch_cost: 1.0349, avg_ips: 61.8406.
Type : hazelnut Train [ Epoch 120/128 ], loss: 0.0943, avg_reader_cost: 0.8199 avg_batch_cost: 1.0309, avg_ips: 62.0830.
loading images
loaded 391 images
using density estimation GaussianDensityPaddle
Type : hazelnut Val [ Epoch 120/128 ] max_auc: 0.9882 roc_auc : 0.972500.
Type : hazelnut Train [ Epoch 121/128 ], loss: 0.1114, avg_reader_cost: 13.8251 avg_batch_cost: 14.1117, avg_ips: 4.5352.
Type : hazelnut Train [ Epoch 122/128 ], loss: 0.1359, avg_reader_cost: 0.0002 avg_batch_cost: 0.2126, avg_ips: 301.0068.
Type : hazelnut Train [ Epoch 123/128 ], loss: 0.0802, avg_reader_cost: 0.0003 avg_batch_cost: 0.2096, avg_ips: 305.3196.
Type : hazelnut Train [ Epoch 124/128 ], loss: 0.1786, avg_reader_cost: 0.0002 avg_batch_cost: 0.2122, avg_ips: 301.6410.
Type : hazelnut Train [ Epoch 125/128 ], loss: 0.1900, avg_reader_cost: 0.0002 avg_batch_cost: 0.2108, avg_ips: 303.6442.
Type : hazelnut Train [ Epoch 126/128 ], loss: 0.1283, avg_reader_cost: 0.7028 avg_batch_cost: 0.9151, avg_ips: 69.9407.
Type : hazelnut Train [ Epoch 127/128 ], loss: 0.2205, avg_reader_cost: 0.8168 avg_batch_cost: 1.0307, avg_ips: 62.0936.
Type : hazelnut Train [ Epoch 128/128 ], loss: 0.1413, avg_reader_cost: 0.8142 avg_batch_cost: 1.0290, avg_ips: 62.1972.
